<?xml version="1.0" encoding="UTF-8"?>
<testsuite xmlns:xsi="http://www.w3.org/2001/XMLSchema-instance" xsi:noNamespaceSchemaLocation="https://maven.apache.org/surefire/maven-surefire-plugin/xsd/surefire-test-report.xsd" version="3.0.2" name="StepDefinition.TestRunner" time="120.135" tests="6" errors="0" skipped="0" failures="0">
  <properties>
    <property name="java.specification.version" value="21"/>
    <property name="sun.jnu.encoding" value="UTF-8"/>
    <property name="java.class.path" value="/Users/sai/eclipse-workspace/Capstone_project/target/test-classes:/Users/sai/eclipse-workspace/Capstone_project/target/classes:/Users/sai/.m2/repository/io/cucumber/cucumber-core/7.27.2/cucumber-core-7.27.2.jar:/Users/sai/.m2/repository/io/cucumber/cucumber-gherkin/7.27.2/cucumber-gherkin-7.27.2.jar:/Users/sai/.m2/repository/io/cucumber/cucumber-gherkin-messages/7.27.2/cucumber-gherkin-messages-7.27.2.jar:/Users/sai/.m2/repository/io/cucumber/gherkin/34.0.0/gherkin-34.0.0.jar:/Users/sai/.m2/repository/org/assertj/assertj-core/3.27.4/assertj-core-3.27.4.jar:/Users/sai/.m2/repository/io/cucumber/messages/28.1.0/messages-28.1.0.jar:/Users/sai/.m2/repository/io/cucumber/pretty-formatter/2.1.0/pretty-formatter-2.1.0.jar:/Users/sai/.m2/repository/io/cucumber/query/13.6.0/query-13.6.0.jar:/Users/sai/.m2/repository/io/cucumber/testng-xml-formatter/0.5.0/testng-xml-formatter-0.5.0.jar:/Users/sai/.m2/repository/io/cucumber/tag-expressions/6.1.2/tag-expressions-6.1.2.jar:/Users/sai/.m2/repository/io/cucumber/cucumber-expressions/18.0.1/cucumber-expressions-18.0.1.jar:/Users/sai/.m2/repository/io/cucumber/datatable/7.27.2/datatable-7.27.2.jar:/Users/sai/.m2/repository/io/cucumber/cucumber-plugin/7.27.2/cucumber-plugin-7.27.2.jar:/Users/sai/.m2/repository/io/cucumber/docstring/7.27.2/docstring-7.27.2.jar:/Users/sai/.m2/repository/io/cucumber/html-formatter/21.13.0/html-formatter-21.13.0.jar:/Users/sai/.m2/repository/io/cucumber/junit-xml-formatter/0.8.1/junit-xml-formatter-0.8.1.jar:/Users/sai/.m2/repository/io/cucumber/ci-environment/10.0.1/ci-environment-10.0.1.jar:/Users/sai/.m2/repository/org/apiguardian/apiguardian-api/1.1.2/apiguardian-api-1.1.2.jar:/Users/sai/.m2/repository/io/cucumber/cucumber-java/7.27.2/cucumber-java-7.27.2.jar:/Users/sai/.m2/repository/io/cucumber/cucumber-junit/7.27.2/cucumber-junit-7.27.2.jar:/Users/sai/.m2/repository/junit/junit/4.13.2/junit-4.13.2.jar:/Users/sai/.m2/repository/org/hamcrest/hamcrest-core/1.3/hamcrest-core-1.3.jar:/Users/sai/.m2/repository/io/cucumber/cucumber-testng/7.27.2/cucumber-testng-7.27.2.jar:/Users/sai/.m2/repository/org/testng/testng/7.11.0/testng-7.11.0.jar:/Users/sai/.m2/repository/org/jcommander/jcommander/1.83/jcommander-1.83.jar:/Users/sai/.m2/repository/org/webjars/jquery/3.7.1/jquery-3.7.1.jar:/Users/sai/.m2/repository/org/apache/poi/poi/5.2.5/poi-5.2.5.jar:/Users/sai/.m2/repository/commons-codec/commons-codec/1.16.0/commons-codec-1.16.0.jar:/Users/sai/.m2/repository/org/apache/commons/commons-collections4/4.4/commons-collections4-4.4.jar:/Users/sai/.m2/repository/org/apache/commons/commons-math3/3.6.1/commons-math3-3.6.1.jar:/Users/sai/.m2/repository/commons-io/commons-io/2.15.0/commons-io-2.15.0.jar:/Users/sai/.m2/repository/com/zaxxer/SparseBitSet/1.3/SparseBitSet-1.3.jar:/Users/sai/.m2/repository/org/apache/logging/log4j/log4j-api/2.21.1/log4j-api-2.21.1.jar:/Users/sai/.m2/repository/org/apache/poi/poi-ooxml/5.2.5/poi-ooxml-5.2.5.jar:/Users/sai/.m2/repository/org/apache/poi/poi-ooxml-lite/5.2.5/poi-ooxml-lite-5.2.5.jar:/Users/sai/.m2/repository/org/apache/xmlbeans/xmlbeans/5.2.0/xmlbeans-5.2.0.jar:/Users/sai/.m2/repository/org/apache/commons/commons-compress/1.25.0/commons-compress-1.25.0.jar:/Users/sai/.m2/repository/com/github/virtuald/curvesapi/1.08/curvesapi-1.08.jar:/Users/sai/.m2/repository/org/mockito/mockito-core/5.7.0/mockito-core-5.7.0.jar:/Users/sai/.m2/repository/net/bytebuddy/byte-buddy/1.14.9/byte-buddy-1.14.9.jar:/Users/sai/.m2/repository/net/bytebuddy/byte-buddy-agent/1.14.9/byte-buddy-agent-1.14.9.jar:/Users/sai/.m2/repository/org/objenesis/objenesis/3.3/objenesis-3.3.jar:/Users/sai/.m2/repository/org/mockito/mockito-inline/5.2.0/mockito-inline-5.2.0.jar:/Users/sai/.m2/repository/io/github/bonigarcia/webdrivermanager/6.2.0/webdrivermanager-6.2.0.jar:/Users/sai/.m2/repository/org/slf4j/slf4j-api/2.0.17/slf4j-api-2.0.17.jar:/Users/sai/.m2/repository/com/google/code/gson/gson/2.13.1/gson-2.13.1.jar:/Users/sai/.m2/repository/com/google/errorprone/error_prone_annotations/2.38.0/error_prone_annotations-2.38.0.jar:/Users/sai/.m2/repository/com/github/docker-java/docker-java/3.5.3/docker-java-3.5.3.jar:/Users/sai/.m2/repository/com/github/docker-java/docker-java-core/3.5.3/docker-java-core-3.5.3.jar:/Users/sai/.m2/repository/com/github/docker-java/docker-java-api/3.5.3/docker-java-api-3.5.3.jar:/Users/sai/.m2/repository/com/fasterxml/jackson/core/jackson-annotations/2.18.4/jackson-annotations-2.18.4.jar:/Users/sai/.m2/repository/com/fasterxml/jackson/core/jackson-databind/2.18.4/jackson-databind-2.18.4.jar:/Users/sai/.m2/repository/com/fasterxml/jackson/core/jackson-core/2.18.4/jackson-core-2.18.4.jar:/Users/sai/.m2/repository/org/slf4j/jcl-over-slf4j/1.7.30/jcl-over-slf4j-1.7.30.jar:/Users/sai/.m2/repository/com/github/docker-java/docker-java-transport-httpclient5/3.5.3/docker-java-transport-httpclient5-3.5.3.jar:/Users/sai/.m2/repository/com/github/docker-java/docker-java-transport/3.5.3/docker-java-transport-3.5.3.jar:/Users/sai/.m2/repository/net/java/dev/jna/jna/5.17.0/jna-5.17.0.jar:/Users/sai/.m2/repository/org/brotli/dec/0.1.2/dec-0.1.2.jar:/Users/sai/.m2/repository/org/apache/commons/commons-lang3/3.18.0/commons-lang3-3.18.0.jar:/Users/sai/.m2/repository/org/apache/httpcomponents/client5/httpclient5/5.4.3/httpclient5-5.4.3.jar:/Users/sai/.m2/repository/org/apache/httpcomponents/core5/httpcore5/5.3.4/httpcore5-5.3.4.jar:/Users/sai/.m2/repository/org/apache/httpcomponents/core5/httpcore5-h2/5.3.4/httpcore5-h2-5.3.4.jar:/Users/sai/.m2/repository/net/java/dev/jna/jna-platform/5.17.0/jna-platform-5.17.0.jar:/Users/sai/.m2/repository/org/seleniumhq/selenium/selenium-java/4.22.0/selenium-java-4.22.0.jar:/Users/sai/.m2/repository/org/seleniumhq/selenium/selenium-api/4.22.0/selenium-api-4.22.0.jar:/Users/sai/.m2/repository/org/seleniumhq/selenium/selenium-chrome-driver/4.22.0/selenium-chrome-driver-4.22.0.jar:/Users/sai/.m2/repository/com/google/auto/service/auto-service-annotations/1.1.1/auto-service-annotations-1.1.1.jar:/Users/sai/.m2/repository/org/seleniumhq/selenium/selenium-chromium-driver/4.22.0/selenium-chromium-driver-4.22.0.jar:/Users/sai/.m2/repository/org/seleniumhq/selenium/selenium-json/4.22.0/selenium-json-4.22.0.jar:/Users/sai/.m2/repository/org/seleniumhq/selenium/selenium-manager/4.22.0/selenium-manager-4.22.0.jar:/Users/sai/.m2/repository/org/seleniumhq/selenium/selenium-devtools-v124/4.22.0/selenium-devtools-v124-4.22.0.jar:/Users/sai/.m2/repository/org/seleniumhq/selenium/selenium-devtools-v125/4.22.0/selenium-devtools-v125-4.22.0.jar:/Users/sai/.m2/repository/org/seleniumhq/selenium/selenium-devtools-v126/4.22.0/selenium-devtools-v126-4.22.0.jar:/Users/sai/.m2/repository/org/seleniumhq/selenium/selenium-devtools-v85/4.22.0/selenium-devtools-v85-4.22.0.jar:/Users/sai/.m2/repository/org/seleniumhq/selenium/selenium-edge-driver/4.22.0/selenium-edge-driver-4.22.0.jar:/Users/sai/.m2/repository/org/seleniumhq/selenium/selenium-firefox-driver/4.22.0/selenium-firefox-driver-4.22.0.jar:/Users/sai/.m2/repository/org/seleniumhq/selenium/selenium-http/4.22.0/selenium-http-4.22.0.jar:/Users/sai/.m2/repository/dev/failsafe/failsafe/3.3.2/failsafe-3.3.2.jar:/Users/sai/.m2/repository/org/seleniumhq/selenium/selenium-ie-driver/4.22.0/selenium-ie-driver-4.22.0.jar:/Users/sai/.m2/repository/org/seleniumhq/selenium/selenium-remote-driver/4.22.0/selenium-remote-driver-4.22.0.jar:/Users/sai/.m2/repository/com/google/guava/guava/33.2.1-jre/guava-33.2.1-jre.jar:/Users/sai/.m2/repository/com/google/guava/failureaccess/1.0.2/failureaccess-1.0.2.jar:/Users/sai/.m2/repository/com/google/guava/listenablefuture/9999.0-empty-to-avoid-conflict-with-guava/listenablefuture-9999.0-empty-to-avoid-conflict-with-guava.jar:/Users/sai/.m2/repository/com/google/code/findbugs/jsr305/3.0.2/jsr305-3.0.2.jar:/Users/sai/.m2/repository/org/checkerframework/checker-qual/3.42.0/checker-qual-3.42.0.jar:/Users/sai/.m2/repository/com/google/j2objc/j2objc-annotations/3.0.0/j2objc-annotations-3.0.0.jar:/Users/sai/.m2/repository/io/opentelemetry/semconv/opentelemetry-semconv/1.25.0-alpha/opentelemetry-semconv-1.25.0-alpha.jar:/Users/sai/.m2/repository/io/opentelemetry/opentelemetry-api/1.39.0/opentelemetry-api-1.39.0.jar:/Users/sai/.m2/repository/io/opentelemetry/opentelemetry-context/1.39.0/opentelemetry-context-1.39.0.jar:/Users/sai/.m2/repository/io/opentelemetry/opentelemetry-exporter-logging/1.39.0/opentelemetry-exporter-logging-1.39.0.jar:/Users/sai/.m2/repository/io/opentelemetry/opentelemetry-sdk-common/1.39.0/opentelemetry-sdk-common-1.39.0.jar:/Users/sai/.m2/repository/io/opentelemetry/opentelemetry-sdk-extension-autoconfigure-spi/1.39.0/opentelemetry-sdk-extension-autoconfigure-spi-1.39.0.jar:/Users/sai/.m2/repository/io/opentelemetry/opentelemetry-sdk-extension-autoconfigure/1.39.0/opentelemetry-sdk-extension-autoconfigure-1.39.0.jar:/Users/sai/.m2/repository/io/opentelemetry/opentelemetry-api-incubator/1.39.0-alpha/opentelemetry-api-incubator-1.39.0-alpha.jar:/Users/sai/.m2/repository/io/opentelemetry/opentelemetry-sdk-trace/1.39.0/opentelemetry-sdk-trace-1.39.0.jar:/Users/sai/.m2/repository/io/opentelemetry/opentelemetry-sdk/1.39.0/opentelemetry-sdk-1.39.0.jar:/Users/sai/.m2/repository/io/opentelemetry/opentelemetry-sdk-metrics/1.39.0/opentelemetry-sdk-metrics-1.39.0.jar:/Users/sai/.m2/repository/io/opentelemetry/opentelemetry-sdk-logs/1.39.0/opentelemetry-sdk-logs-1.39.0.jar:/Users/sai/.m2/repository/org/seleniumhq/selenium/selenium-os/4.22.0/selenium-os-4.22.0.jar:/Users/sai/.m2/repository/org/apache/commons/commons-exec/1.4.0/commons-exec-1.4.0.jar:/Users/sai/.m2/repository/org/seleniumhq/selenium/selenium-safari-driver/4.22.0/selenium-safari-driver-4.22.0.jar:/Users/sai/.m2/repository/org/seleniumhq/selenium/selenium-support/4.22.0/selenium-support-4.22.0.jar:"/>
    <property name="java.vm.vendor" value="Oracle Corporation"/>
    <property name="sun.arch.data.model" value="64"/>
    <property name="java.vendor.url" value="https://java.oracle.com/"/>
    <property name="os.name" value="Mac OS X"/>
    <property name="java.vm.specification.version" value="21"/>
    <property name="sun.java.launcher" value="SUN_STANDARD"/>
    <property name="user.country" value="US"/>
    <property name="sun.boot.library.path" value="/Library/Java/JavaVirtualMachines/jdk-21.jdk/Contents/Home/lib"/>
    <property name="sun.java.command" value="/Users/sai/eclipse-workspace/Capstone_project/target/surefire/surefirebooter-20250904191936230_3.jar /Users/sai/eclipse-workspace/Capstone_project/target/surefire 2025-09-04T19-19-36_182-jvmRun1 surefire-20250904191936230_1tmp surefire_0-20250904191936230_2tmp"/>
    <property name="http.nonProxyHosts" value="local|*.local|169.254/16|*.169.254/16"/>
    <property name="jdk.debug" value="release"/>
    <property name="surefire.test.class.path" value="/Users/sai/eclipse-workspace/Capstone_project/target/test-classes:/Users/sai/eclipse-workspace/Capstone_project/target/classes:/Users/sai/.m2/repository/io/cucumber/cucumber-core/7.27.2/cucumber-core-7.27.2.jar:/Users/sai/.m2/repository/io/cucumber/cucumber-gherkin/7.27.2/cucumber-gherkin-7.27.2.jar:/Users/sai/.m2/repository/io/cucumber/cucumber-gherkin-messages/7.27.2/cucumber-gherkin-messages-7.27.2.jar:/Users/sai/.m2/repository/io/cucumber/gherkin/34.0.0/gherkin-34.0.0.jar:/Users/sai/.m2/repository/org/assertj/assertj-core/3.27.4/assertj-core-3.27.4.jar:/Users/sai/.m2/repository/io/cucumber/messages/28.1.0/messages-28.1.0.jar:/Users/sai/.m2/repository/io/cucumber/pretty-formatter/2.1.0/pretty-formatter-2.1.0.jar:/Users/sai/.m2/repository/io/cucumber/query/13.6.0/query-13.6.0.jar:/Users/sai/.m2/repository/io/cucumber/testng-xml-formatter/0.5.0/testng-xml-formatter-0.5.0.jar:/Users/sai/.m2/repository/io/cucumber/tag-expressions/6.1.2/tag-expressions-6.1.2.jar:/Users/sai/.m2/repository/io/cucumber/cucumber-expressions/18.0.1/cucumber-expressions-18.0.1.jar:/Users/sai/.m2/repository/io/cucumber/datatable/7.27.2/datatable-7.27.2.jar:/Users/sai/.m2/repository/io/cucumber/cucumber-plugin/7.27.2/cucumber-plugin-7.27.2.jar:/Users/sai/.m2/repository/io/cucumber/docstring/7.27.2/docstring-7.27.2.jar:/Users/sai/.m2/repository/io/cucumber/html-formatter/21.13.0/html-formatter-21.13.0.jar:/Users/sai/.m2/repository/io/cucumber/junit-xml-formatter/0.8.1/junit-xml-formatter-0.8.1.jar:/Users/sai/.m2/repository/io/cucumber/ci-environment/10.0.1/ci-environment-10.0.1.jar:/Users/sai/.m2/repository/org/apiguardian/apiguardian-api/1.1.2/apiguardian-api-1.1.2.jar:/Users/sai/.m2/repository/io/cucumber/cucumber-java/7.27.2/cucumber-java-7.27.2.jar:/Users/sai/.m2/repository/io/cucumber/cucumber-junit/7.27.2/cucumber-junit-7.27.2.jar:/Users/sai/.m2/repository/junit/junit/4.13.2/junit-4.13.2.jar:/Users/sai/.m2/repository/org/hamcrest/hamcrest-core/1.3/hamcrest-core-1.3.jar:/Users/sai/.m2/repository/io/cucumber/cucumber-testng/7.27.2/cucumber-testng-7.27.2.jar:/Users/sai/.m2/repository/org/testng/testng/7.11.0/testng-7.11.0.jar:/Users/sai/.m2/repository/org/jcommander/jcommander/1.83/jcommander-1.83.jar:/Users/sai/.m2/repository/org/webjars/jquery/3.7.1/jquery-3.7.1.jar:/Users/sai/.m2/repository/org/apache/poi/poi/5.2.5/poi-5.2.5.jar:/Users/sai/.m2/repository/commons-codec/commons-codec/1.16.0/commons-codec-1.16.0.jar:/Users/sai/.m2/repository/org/apache/commons/commons-collections4/4.4/commons-collections4-4.4.jar:/Users/sai/.m2/repository/org/apache/commons/commons-math3/3.6.1/commons-math3-3.6.1.jar:/Users/sai/.m2/repository/commons-io/commons-io/2.15.0/commons-io-2.15.0.jar:/Users/sai/.m2/repository/com/zaxxer/SparseBitSet/1.3/SparseBitSet-1.3.jar:/Users/sai/.m2/repository/org/apache/logging/log4j/log4j-api/2.21.1/log4j-api-2.21.1.jar:/Users/sai/.m2/repository/org/apache/poi/poi-ooxml/5.2.5/poi-ooxml-5.2.5.jar:/Users/sai/.m2/repository/org/apache/poi/poi-ooxml-lite/5.2.5/poi-ooxml-lite-5.2.5.jar:/Users/sai/.m2/repository/org/apache/xmlbeans/xmlbeans/5.2.0/xmlbeans-5.2.0.jar:/Users/sai/.m2/repository/org/apache/commons/commons-compress/1.25.0/commons-compress-1.25.0.jar:/Users/sai/.m2/repository/com/github/virtuald/curvesapi/1.08/curvesapi-1.08.jar:/Users/sai/.m2/repository/org/mockito/mockito-core/5.7.0/mockito-core-5.7.0.jar:/Users/sai/.m2/repository/net/bytebuddy/byte-buddy/1.14.9/byte-buddy-1.14.9.jar:/Users/sai/.m2/repository/net/bytebuddy/byte-buddy-agent/1.14.9/byte-buddy-agent-1.14.9.jar:/Users/sai/.m2/repository/org/objenesis/objenesis/3.3/objenesis-3.3.jar:/Users/sai/.m2/repository/org/mockito/mockito-inline/5.2.0/mockito-inline-5.2.0.jar:/Users/sai/.m2/repository/io/github/bonigarcia/webdrivermanager/6.2.0/webdrivermanager-6.2.0.jar:/Users/sai/.m2/repository/org/slf4j/slf4j-api/2.0.17/slf4j-api-2.0.17.jar:/Users/sai/.m2/repository/com/google/code/gson/gson/2.13.1/gson-2.13.1.jar:/Users/sai/.m2/repository/com/google/errorprone/error_prone_annotations/2.38.0/error_prone_annotations-2.38.0.jar:/Users/sai/.m2/repository/com/github/docker-java/docker-java/3.5.3/docker-java-3.5.3.jar:/Users/sai/.m2/repository/com/github/docker-java/docker-java-core/3.5.3/docker-java-core-3.5.3.jar:/Users/sai/.m2/repository/com/github/docker-java/docker-java-api/3.5.3/docker-java-api-3.5.3.jar:/Users/sai/.m2/repository/com/fasterxml/jackson/core/jackson-annotations/2.18.4/jackson-annotations-2.18.4.jar:/Users/sai/.m2/repository/com/fasterxml/jackson/core/jackson-databind/2.18.4/jackson-databind-2.18.4.jar:/Users/sai/.m2/repository/com/fasterxml/jackson/core/jackson-core/2.18.4/jackson-core-2.18.4.jar:/Users/sai/.m2/repository/org/slf4j/jcl-over-slf4j/1.7.30/jcl-over-slf4j-1.7.30.jar:/Users/sai/.m2/repository/com/github/docker-java/docker-java-transport-httpclient5/3.5.3/docker-java-transport-httpclient5-3.5.3.jar:/Users/sai/.m2/repository/com/github/docker-java/docker-java-transport/3.5.3/docker-java-transport-3.5.3.jar:/Users/sai/.m2/repository/net/java/dev/jna/jna/5.17.0/jna-5.17.0.jar:/Users/sai/.m2/repository/org/brotli/dec/0.1.2/dec-0.1.2.jar:/Users/sai/.m2/repository/org/apache/commons/commons-lang3/3.18.0/commons-lang3-3.18.0.jar:/Users/sai/.m2/repository/org/apache/httpcomponents/client5/httpclient5/5.4.3/httpclient5-5.4.3.jar:/Users/sai/.m2/repository/org/apache/httpcomponents/core5/httpcore5/5.3.4/httpcore5-5.3.4.jar:/Users/sai/.m2/repository/org/apache/httpcomponents/core5/httpcore5-h2/5.3.4/httpcore5-h2-5.3.4.jar:/Users/sai/.m2/repository/net/java/dev/jna/jna-platform/5.17.0/jna-platform-5.17.0.jar:/Users/sai/.m2/repository/org/seleniumhq/selenium/selenium-java/4.22.0/selenium-java-4.22.0.jar:/Users/sai/.m2/repository/org/seleniumhq/selenium/selenium-api/4.22.0/selenium-api-4.22.0.jar:/Users/sai/.m2/repository/org/seleniumhq/selenium/selenium-chrome-driver/4.22.0/selenium-chrome-driver-4.22.0.jar:/Users/sai/.m2/repository/com/google/auto/service/auto-service-annotations/1.1.1/auto-service-annotations-1.1.1.jar:/Users/sai/.m2/repository/org/seleniumhq/selenium/selenium-chromium-driver/4.22.0/selenium-chromium-driver-4.22.0.jar:/Users/sai/.m2/repository/org/seleniumhq/selenium/selenium-json/4.22.0/selenium-json-4.22.0.jar:/Users/sai/.m2/repository/org/seleniumhq/selenium/selenium-manager/4.22.0/selenium-manager-4.22.0.jar:/Users/sai/.m2/repository/org/seleniumhq/selenium/selenium-devtools-v124/4.22.0/selenium-devtools-v124-4.22.0.jar:/Users/sai/.m2/repository/org/seleniumhq/selenium/selenium-devtools-v125/4.22.0/selenium-devtools-v125-4.22.0.jar:/Users/sai/.m2/repository/org/seleniumhq/selenium/selenium-devtools-v126/4.22.0/selenium-devtools-v126-4.22.0.jar:/Users/sai/.m2/repository/org/seleniumhq/selenium/selenium-devtools-v85/4.22.0/selenium-devtools-v85-4.22.0.jar:/Users/sai/.m2/repository/org/seleniumhq/selenium/selenium-edge-driver/4.22.0/selenium-edge-driver-4.22.0.jar:/Users/sai/.m2/repository/org/seleniumhq/selenium/selenium-firefox-driver/4.22.0/selenium-firefox-driver-4.22.0.jar:/Users/sai/.m2/repository/org/seleniumhq/selenium/selenium-http/4.22.0/selenium-http-4.22.0.jar:/Users/sai/.m2/repository/dev/failsafe/failsafe/3.3.2/failsafe-3.3.2.jar:/Users/sai/.m2/repository/org/seleniumhq/selenium/selenium-ie-driver/4.22.0/selenium-ie-driver-4.22.0.jar:/Users/sai/.m2/repository/org/seleniumhq/selenium/selenium-remote-driver/4.22.0/selenium-remote-driver-4.22.0.jar:/Users/sai/.m2/repository/com/google/guava/guava/33.2.1-jre/guava-33.2.1-jre.jar:/Users/sai/.m2/repository/com/google/guava/failureaccess/1.0.2/failureaccess-1.0.2.jar:/Users/sai/.m2/repository/com/google/guava/listenablefuture/9999.0-empty-to-avoid-conflict-with-guava/listenablefuture-9999.0-empty-to-avoid-conflict-with-guava.jar:/Users/sai/.m2/repository/com/google/code/findbugs/jsr305/3.0.2/jsr305-3.0.2.jar:/Users/sai/.m2/repository/org/checkerframework/checker-qual/3.42.0/checker-qual-3.42.0.jar:/Users/sai/.m2/repository/com/google/j2objc/j2objc-annotations/3.0.0/j2objc-annotations-3.0.0.jar:/Users/sai/.m2/repository/io/opentelemetry/semconv/opentelemetry-semconv/1.25.0-alpha/opentelemetry-semconv-1.25.0-alpha.jar:/Users/sai/.m2/repository/io/opentelemetry/opentelemetry-api/1.39.0/opentelemetry-api-1.39.0.jar:/Users/sai/.m2/repository/io/opentelemetry/opentelemetry-context/1.39.0/opentelemetry-context-1.39.0.jar:/Users/sai/.m2/repository/io/opentelemetry/opentelemetry-exporter-logging/1.39.0/opentelemetry-exporter-logging-1.39.0.jar:/Users/sai/.m2/repository/io/opentelemetry/opentelemetry-sdk-common/1.39.0/opentelemetry-sdk-common-1.39.0.jar:/Users/sai/.m2/repository/io/opentelemetry/opentelemetry-sdk-extension-autoconfigure-spi/1.39.0/opentelemetry-sdk-extension-autoconfigure-spi-1.39.0.jar:/Users/sai/.m2/repository/io/opentelemetry/opentelemetry-sdk-extension-autoconfigure/1.39.0/opentelemetry-sdk-extension-autoconfigure-1.39.0.jar:/Users/sai/.m2/repository/io/opentelemetry/opentelemetry-api-incubator/1.39.0-alpha/opentelemetry-api-incubator-1.39.0-alpha.jar:/Users/sai/.m2/repository/io/opentelemetry/opentelemetry-sdk-trace/1.39.0/opentelemetry-sdk-trace-1.39.0.jar:/Users/sai/.m2/repository/io/opentelemetry/opentelemetry-sdk/1.39.0/opentelemetry-sdk-1.39.0.jar:/Users/sai/.m2/repository/io/opentelemetry/opentelemetry-sdk-metrics/1.39.0/opentelemetry-sdk-metrics-1.39.0.jar:/Users/sai/.m2/repository/io/opentelemetry/opentelemetry-sdk-logs/1.39.0/opentelemetry-sdk-logs-1.39.0.jar:/Users/sai/.m2/repository/org/seleniumhq/selenium/selenium-os/4.22.0/selenium-os-4.22.0.jar:/Users/sai/.m2/repository/org/apache/commons/commons-exec/1.4.0/commons-exec-1.4.0.jar:/Users/sai/.m2/repository/org/seleniumhq/selenium/selenium-safari-driver/4.22.0/selenium-safari-driver-4.22.0.jar:/Users/sai/.m2/repository/org/seleniumhq/selenium/selenium-support/4.22.0/selenium-support-4.22.0.jar:"/>
    <property name="sun.cpu.endian" value="little"/>
    <property name="user.home" value="/Users/sai"/>
    <property name="user.language" value="en"/>
    <property name="java.specification.vendor" value="Oracle Corporation"/>
    <property name="java.version.date" value="2025-07-15"/>
    <property name="java.home" value="/Library/Java/JavaVirtualMachines/jdk-21.jdk/Contents/Home"/>
    <property name="file.separator" value="/"/>
    <property name="basedir" value="/Users/sai/eclipse-workspace/Capstone_project"/>
    <property name="java.vm.compressedOopsMode" value="Zero based"/>
    <property name="line.separator" value="&#10;"/>
    <property name="java.vm.specification.vendor" value="Oracle Corporation"/>
    <property name="java.specification.name" value="Java Platform API Specification"/>
    <property name="apple.awt.application.name" value="ForkedBooter"/>
    <property name="surefire.real.class.path" value="/Users/sai/eclipse-workspace/Capstone_project/target/surefire/surefirebooter-20250904191936230_3.jar"/>
    <property name="sun.management.compiler" value="HotSpot 64-Bit Tiered Compilers"/>
    <property name="ftp.nonProxyHosts" value="local|*.local|169.254/16|*.169.254/16"/>
    <property name="java.runtime.version" value="21.0.8+12-LTS-250"/>
    <property name="user.name" value="sai"/>
    <property name="stdout.encoding" value="UTF-8"/>
    <property name="path.separator" value=":"/>
    <property name="os.version" value="15.6.1"/>
    <property name="java.runtime.name" value="Java(TM) SE Runtime Environment"/>
    <property name="file.encoding" value="UTF-8"/>
    <property name="java.vm.name" value="Java HotSpot(TM) 64-Bit Server VM"/>
    <property name="localRepository" value="/Users/sai/.m2/repository"/>
    <property name="java.vendor.url.bug" value="https://bugreport.java.com/bugreport/"/>
    <property name="java.io.tmpdir" value="/var/folders/3f/mxx35g311nvcjfzcn9rvy4w80000gn/T/"/>
    <property name="java.version" value="21.0.8"/>
    <property name="user.dir" value="/Users/sai/eclipse-workspace/Capstone_project"/>
    <property name="os.arch" value="aarch64"/>
    <property name="java.vm.specification.name" value="Java Virtual Machine Specification"/>
    <property name="native.encoding" value="UTF-8"/>
    <property name="java.library.path" value="/Users/sai/Library/Java/Extensions:/Library/Java/Extensions:/Network/Library/Java/Extensions:/System/Library/Java/Extensions:/usr/lib/java:."/>
    <property name="java.vm.info" value="mixed mode, sharing"/>
    <property name="stderr.encoding" value="UTF-8"/>
    <property name="java.vendor" value="Oracle Corporation"/>
    <property name="java.vm.version" value="21.0.8+12-LTS-250"/>
    <property name="sun.io.unicode.encoding" value="UnicodeBig"/>
    <property name="socksNonProxyHosts" value="local|*.local|169.254/16|*.169.254/16"/>
    <property name="java.class.version" value="65.0"/>
  </properties>
  <testcase name="Complete shopping journey with login" classname="End-to-End BStackDemo Shopping Flow" time="27.244">
    <system-out><![CDATA[
&amp#27;[1mScenario Outline:&amp#27;[22m Complete shopping journey with login                                                                          &amp#27;[90m# file:///Users/sai/eclipse-workspace/Capstone_project/src/test/resources/features/01Login_to_Continue.feature:26&amp#27;[39m
  &amp#27;[32m✔&amp#27;[39m &amp#27;[32m&amp#27;[1mGiven &amp#27;[22mUser launches browser&amp#27;[39m                                                                                                 &amp#27;[90m# StepDefinition.BStackDemo.user_launches_browser()&amp#27;[39m
  &amp#27;[32m✔&amp#27;[39m &amp#27;[32m&amp#27;[1mWhen &amp#27;[22mUser navigates to BStackDemo site&amp#27;[39m                                                                                      &amp#27;[90m# StepDefinition.BStackDemo.user_navigates_to_site()&amp#27;[39m
  &amp#27;[32m✔&amp#27;[39m &amp#27;[32m&amp#27;[1mAnd &amp#27;[22mUser logs in with valid credentials&amp#27;[39m                                                                                     &amp#27;[90m# StepDefinition.BStackDemo.user_logs_in_with_valid_credentials()&amp#27;[39m
Login successful using valid credentials
  &amp#27;[32m✔&amp#27;[39m &amp#27;[32m&amp#27;[1mAnd &amp#27;[22mUser should be logged in successfully&amp#27;[39m                                                                                   &amp#27;[90m# StepDefinition.BStackDemo.user_should_be_logged_in_successfully()&amp#27;[39m
  &amp#27;[32m✔&amp#27;[39m &amp#27;[32m&amp#27;[1mAnd &amp#27;[22mUser searches and adds first product to cart&amp#27;[39m                                                                            &amp#27;[90m# StepDefinition.BStackDemo.user_searches_and_adds_first_product_to_cart()&amp#27;[39m
Product successfully added to cart, deleted from cart and then again added to cart
  &amp#27;[32m✔&amp#27;[39m &amp#27;[32m&amp#27;[1mAnd &amp#27;[22mProduct should be visible in cart&amp#27;[39m                                                                                       &amp#27;[90m# StepDefinition.BStackDemo.product_should_be_visible_in_cart()&amp#27;[39m
  &amp#27;[32m✔&amp#27;[39m &amp#27;[32m&amp#27;[1mAnd &amp#27;[22mUser proceeds to checkout&amp#27;[39m                                                                                               &amp#27;[90m# StepDefinition.BStackDemo.user_proceeds_to_checkout()&amp#27;[39m
Checkout page is displayed
  &amp#27;[32m✔&amp#27;[39m &amp#27;[32m&amp#27;[1mAnd &amp#27;[22mCheckout page should be displayed&amp#27;[39m                                                                                       &amp#27;[90m# StepDefinition.BStackDemo.checkout_page_should_be_displayed()&amp#27;[39m
  &amp#27;[32m✔&amp#27;[39m &amp#27;[32m&amp#27;[1mAnd &amp#27;[22mUser enters shipping details with firstname "&amp#27;[1mNasir&amp#27;[22m", lastname "&amp#27;[1mG&amp#27;[22m", address "&amp#27;[1m23/1 knl&amp#27;[22m", state "&amp#27;[1mAP&amp#27;[22m", and pincode "&amp#27;[1m518002&amp#27;[22m"&amp#27;[39m &amp#27;[90m# StepDefinition.BStackDemo.user_enters_shipping_details(java.lang.String,java.lang.String,java.lang.String,java.lang.String,java.lang.String)&amp#27;[39m
Shipping address saved
  &amp#27;[32m✔&amp#27;[39m &amp#27;[32m&amp#27;[1mAnd &amp#27;[22mShipping address should be saved&amp#27;[39m                                                                                        &amp#27;[90m# StepDefinition.BStackDemo.shipping_address_should_be_saved()&amp#27;[39m
  &amp#27;[32m✔&amp#27;[39m &amp#27;[32m&amp#27;[1mAnd &amp#27;[22mUser downloads order receipt&amp#27;[39m                                                                                            &amp#27;[90m# StepDefinition.BStackDemo.user_downloads_order_receipt()&amp#27;[39m
Order receipt downloaded
  &amp#27;[32m✔&amp#27;[39m &amp#27;[32m&amp#27;[1mAnd &amp#27;[22mOrder receipt should be downloaded&amp#27;[39m                                                                                      &amp#27;[90m# StepDefinition.BStackDemo.order_receipt_should_be_downloaded()&amp#27;[39m
  &amp#27;[32m✔&amp#27;[39m &amp#27;[32m&amp#27;[1mAnd &amp#27;[22mUser clicks Continue shopping&amp#27;[39m                                                                                           &amp#27;[90m# StepDefinition.BStackDemo.user_clicks_continue_shopping()&amp#27;[39m
Redirected back to shopping page
  &amp#27;[32m✔&amp#27;[39m &amp#27;[32m&amp#27;[1mThen &amp#27;[22mUser should be redirected to shopping home page&amp#27;[39m                                                                        &amp#27;[90m# StepDefinition.BStackDemo.user_should_be_redirected_to_shopping_home_page()&amp#27;[39m
]]></system-out>
  </testcase>
  <testcase name="Complete shopping journey for demouser" classname="Shopping flow for demouser" time="35.377">
    <system-out><![CDATA[
&amp#27;[1mScenario:&amp#27;[22m Complete shopping journey for demouser &amp#27;[90m# file:///Users/sai/eclipse-workspace/Capstone_project/src/test/resources/features/02demouserOtherTests.feature:4&amp#27;[39m
  &amp#27;[32m✔&amp#27;[39m &amp#27;[32m&amp#27;[1mGiven &amp#27;[22mUser launches the browser&amp#27;[39m              &amp#27;[90m# StepDefinition.DemouserSteps.user_launches_the_browser()&amp#27;[39m
  &amp#27;[32m✔&amp#27;[39m &amp#27;[32m&amp#27;[1mWhen &amp#27;[22mUser navigates to BStackDemo website&amp#27;[39m    &amp#27;[90m# StepDefinition.DemouserSteps.user_navigates_to_bstackdemo_website()&amp#27;[39m
  &amp#27;[32m✔&amp#27;[39m &amp#27;[32m&amp#27;[1mAnd &amp#27;[22mUser logs in with demouser&amp#27;[39m               &amp#27;[90m# StepDefinition.DemouserSteps.user_logs_in_with_demouser()&amp#27;[39m
  &amp#27;[32m✔&amp#27;[39m &amp#27;[32m&amp#27;[1mAnd &amp#27;[22mUser performs shopping flow with brands:&amp#27;[39m &amp#27;[90m# StepDefinition.DemouserSteps.user_performs_shopping_flow_with_brands()&amp#27;[39m
  &amp#27;[32m✔&amp#27;[39m &amp#27;[32m&amp#27;[1mAnd &amp#27;[22mUser searches for &amp#27;[1m"iPhone"&amp#27;[22m&amp#27;[39m               &amp#27;[90m# StepDefinition.DemouserSteps.user_searches_for(java.lang.String)&amp#27;[39m
  &amp#27;[32m✔&amp#27;[39m &amp#27;[32m&amp#27;[1mAnd &amp#27;[22mApply Low to High filter&amp#27;[39m                 &amp#27;[90m# StepDefinition.DemouserSteps.apply_low_to_high_filter()&amp#27;[39m
  &amp#27;[32m✔&amp#27;[39m &amp#27;[32m&amp#27;[1mAnd &amp#27;[22mApply High to Low filter&amp#27;[39m                 &amp#27;[90m# StepDefinition.DemouserSteps.apply_high_to_low_filter()&amp#27;[39m
  &amp#27;[32m✔&amp#27;[39m &amp#27;[32m&amp#27;[1mAnd &amp#27;[22mUser clicks Privacy Policy Read More&amp#27;[39m     &amp#27;[90m# StepDefinition.DemouserSteps.user_clicks_privacy_policy_read_more()&amp#27;[39m
Privacy Policy Readmore button is clickable
  &amp#27;[32m✔&amp#27;[39m &amp#27;[32m&amp#27;[1mAnd &amp#27;[22mPrivacy Policy page should open&amp#27;[39m          &amp#27;[90m# StepDefinition.DemouserSteps.privacy_policy_page_should_open()&amp#27;[39m
  &amp#27;[32m✔&amp#27;[39m &amp#27;[32m&amp#27;[1mAnd &amp#27;[22mUser clicks Offers page&amp#27;[39m                  &amp#27;[90m# StepDefinition.DemouserSteps.user_clicks_offers_page()&amp#27;[39m
✅ Offers page validated successfully
  &amp#27;[32m✔&amp#27;[39m &amp#27;[32m&amp#27;[1mAnd &amp#27;[22mOffers message should be validated&amp#27;[39m       &amp#27;[90m# StepDefinition.DemouserSteps.offers_message_should_be_validated()&amp#27;[39m
  &amp#27;[32m✔&amp#27;[39m &amp#27;[32m&amp#27;[1mThen &amp#27;[22mUser logs out&amp#27;[39m                           &amp#27;[90m# StepDefinition.DemouserSteps.user_logs_out()&amp#27;[39m
]]></system-out>
  </testcase>
  <testcase name="Validate login for image_not_loading_user" classname="Image Not Loading User Validation" time="13.629">
    <system-out><![CDATA[
&amp#27;[1mScenario:&amp#27;[22m Validate login for image_not_loading_user &amp#27;[90m# file:///Users/sai/eclipse-workspace/Capstone_project/src/test/resources/features/03ImageUser.feature:3&amp#27;[39m
  &amp#27;[32m✔&amp#27;[39m &amp#27;[32m&amp#27;[1mGiven &amp#27;[22mUser launches Browser&amp#27;[39m                     &amp#27;[90m# StepDefinition.ImageUserSteps.user_launches_Browser()&amp#27;[39m
  &amp#27;[32m✔&amp#27;[39m &amp#27;[32m&amp#27;[1mWhen &amp#27;[22mUser navigates to BStackDemo Website&amp#27;[39m       &amp#27;[90m# StepDefinition.ImageUserSteps.user_navigates_to_Website()&amp#27;[39m
  &amp#27;[32m✔&amp#27;[39m &amp#27;[32m&amp#27;[1mAnd &amp#27;[22mUser logs in with image_not_loading_user&amp#27;[39m    &amp#27;[90m# StepDefinition.ImageUserSteps.user_logs_in_with_image_not_loading_user()&amp#27;[39m
✅ image_not_loading_user logged in successfully.
  &amp#27;[32m✔&amp#27;[39m &amp#27;[32m&amp#27;[1mAnd &amp#27;[22mValidate that user logged in successfully&amp#27;[39m   &amp#27;[90m# StepDefinition.ImageUserSteps.validate_login_success()&amp#27;[39m
  &amp#27;[32m✔&amp#27;[39m &amp#27;[32m&amp#27;[1mThen &amp#27;[22mUser will log out&amp#27;[39m                          &amp#27;[90m# StepDefinition.ImageUserSteps.user_will_log_out()&amp#27;[39m
]]></system-out>
  </testcase>
  <testcase name="Validate favourites for fav_user" classname="Favourites User Validation" time="17.29">
    <system-out><![CDATA[
&amp#27;[1mScenario:&amp#27;[22m Validate favourites for fav_user     &amp#27;[90m# file:///Users/sai/eclipse-workspace/Capstone_project/src/test/resources/features/04FavUser.feature:3&amp#27;[39m
  &amp#27;[32m✔&amp#27;[39m &amp#27;[32m&amp#27;[1mGiven &amp#27;[22mUser launches the Browser&amp#27;[39m            &amp#27;[90m# StepDefinition.FavUserSteps.user_launches_the_Browser()&amp#27;[39m
  &amp#27;[32m✔&amp#27;[39m &amp#27;[32m&amp#27;[1mWhen &amp#27;[22mUser navigates to the BStackDemo site&amp#27;[39m &amp#27;[90m# StepDefinition.FavUserSteps.user_navigates_to_the_BStackDemo_site()&amp#27;[39m
  &amp#27;[32m✔&amp#27;[39m &amp#27;[32m&amp#27;[1mAnd &amp#27;[22mUser logs in with fav_user&amp#27;[39m             &amp#27;[90m# StepDefinition.FavUserSteps.user_logs_in_with_fav_user()&amp#27;[39m
✅ Favourites checked for fav_user.
  &amp#27;[32m✔&amp#27;[39m &amp#27;[32m&amp#27;[1mAnd &amp#27;[22mOpen Favourites and see items&amp#27;[39m          &amp#27;[90m# StepDefinition.FavUserSteps.Open_Favourites_and_see_items()&amp#27;[39m
  &amp#27;[32m✔&amp#27;[39m &amp#27;[32m&amp#27;[1mThen &amp#27;[22mUser logs out of site&amp#27;[39m                 &amp#27;[90m# StepDefinition.FavUserSteps.user_logs_out_of_site()&amp#27;[39m
]]></system-out>
  </testcase>
  <testcase name="Validate existing orders for existing_orders_user" classname="Existing Orders User Validation" time="15.518">
    <system-out><![CDATA[
&amp#27;[1mScenario:&amp#27;[22m Validate existing orders for existing_orders_user &amp#27;[90m# file:///Users/sai/eclipse-workspace/Capstone_project/src/test/resources/features/05ExistingOrdersUser.feature:3&amp#27;[39m
  &amp#27;[32m✔&amp#27;[39m &amp#27;[32m&amp#27;[1mGiven &amp#27;[22mUser launches their browser&amp#27;[39m                       &amp#27;[90m# StepDefinition.ExistingOrdersUserSteps.user_launches_their_browser()&amp#27;[39m
  &amp#27;[32m✔&amp#27;[39m &amp#27;[32m&amp#27;[1mWhen &amp#27;[22mUser navigates to the BStackDemo Website&amp#27;[39m           &amp#27;[90m# StepDefinition.ExistingOrdersUserSteps.user_navigates_to_the_BStackDemo_Website()&amp#27;[39m
  &amp#27;[32m✔&amp#27;[39m &amp#27;[32m&amp#27;[1mAnd &amp#27;[22mUser logs in with existing_orders_user&amp#27;[39m              &amp#27;[90m# StepDefinition.ExistingOrdersUserSteps.user_logs_in_with_existing_user()&amp#27;[39m
✅ Orders are present for existing_orders_user.
  &amp#27;[32m✔&amp#27;[39m &amp#27;[32m&amp#27;[1mAnd &amp#27;[22mOpen Orders and sees&amp#27;[39m                                &amp#27;[90m# StepDefinition.ExistingOrdersUserSteps.Open_Orders_and_sees()&amp#27;[39m
  &amp#27;[32m✔&amp#27;[39m &amp#27;[32m&amp#27;[1mThen &amp#27;[22mUser logs out of the site&amp#27;[39m                          &amp#27;[90m# StepDefinition.ExistingOrdersUserSteps.user_logs_out_of_the_site()&amp#27;[39m
]]></system-out>
  </testcase>
  <testcase name="Validate locked account message" classname="Locked User Validation" time="10.715">
    <system-out><![CDATA[
&amp#27;[1mScenario:&amp#27;[22m Validate locked account message      &amp#27;[90m# file:///Users/sai/eclipse-workspace/Capstone_project/src/test/resources/features/06LockedUser.feature:3&amp#27;[39m
  &amp#27;[32m✔&amp#27;[39m &amp#27;[32m&amp#27;[1mGiven &amp#27;[22mUser launches their Browser&amp#27;[39m          &amp#27;[90m# StepDefinition.LockedUserSteps.user_launches_their_Browser()&amp#27;[39m
  &amp#27;[32m✔&amp#27;[39m &amp#27;[32m&amp#27;[1mWhen &amp#27;[22mUser navigates to the BStackDEMO site&amp#27;[39m &amp#27;[90m# StepDefinition.LockedUserSteps.user_navigates_to_the_BStackDEMO_site()&amp#27;[39m
  &amp#27;[32m✔&amp#27;[39m &amp#27;[32m&amp#27;[1mAnd &amp#27;[22mUser logs in with locked_user&amp#27;[39m          &amp#27;[90m# StepDefinition.LockedUserSteps.user_logs_in_with_locked_user()&amp#27;[39m
✅ Locked user message validated.
  &amp#27;[32m✔&amp#27;[39m &amp#27;[32m&amp#27;[1mThen &amp#27;[22mValidate locked account message&amp#27;[39m       &amp#27;[90m# StepDefinition.LockedUserSteps.validate_locked_message()&amp#27;[39m
]]></system-out>
  </testcase>
</testsuite>